[0.696s] DEBUG:colcon:Command line arguments: ['/usr/bin/colcon', 'list', '-p', '--base-paths', '/home/onurcalisir/Beigi_ControlsResearch/real_ws/src/autonomous_rover/hardware', '--log-base', '/dev/null']
[0.696s] DEBUG:colcon:Parsed command line arguments: Namespace(log_base=None, log_level=None, verb_name='list', build_base='build', ignore_user_meta=False, metas=['./colcon.meta'], base_paths=['/home/onurcalisir/Beigi_ControlsResearch/real_ws/src/autonomous_rover/hardware', '--log-base', '/dev/null'], packages_ignore=None, packages_ignore_regex=None, paths=None, packages_up_to=None, packages_up_to_regex=None, packages_above=None, packages_above_and_dependencies=None, packages_above_depth=None, packages_select_by_dep=None, packages_skip_by_dep=None, packages_skip_up_to=None, packages_select_build_failed=False, packages_skip_build_finished=False, packages_select_test_failures=False, packages_skip_test_passed=False, packages_select=None, packages_skip=None, packages_select_regex=None, packages_skip_regex=None, packages_start=None, packages_end=None, allow_overriding=[], topological_order=False, names_only=False, paths_only=True, topological_graph=False, topological_graph_dot=False, topological_graph_density=False, topological_graph_legend=False, topological_graph_dot_cluster=False, topological_graph_dot_include_skipped=False, mixin_files=None, mixin=None, verb_parser=<colcon_mixin.mixin.mixin_argument.MixinArgumentDecorator object at 0x766547fc1880>, verb_extension=<colcon_package_information.verb.list.ListVerb object at 0x7665480e1460>, main=<bound method ListVerb.main of <colcon_package_information.verb.list.ListVerb object at 0x7665480e1460>>, mixin_verb=('list',))
[0.943s] Level 1:colcon.colcon_core.package_discovery:discover_packages(colcon_meta) check parameters
[0.944s] Level 1:colcon.colcon_core.package_discovery:discover_packages(recursive) check parameters
[0.945s] Level 1:colcon.colcon_core.package_discovery:discover_packages(ignore) check parameters
[0.945s] Level 1:colcon.colcon_core.package_discovery:discover_packages(path) check parameters
[0.945s] Level 1:colcon.colcon_core.package_discovery:discover_packages(recursive) discover
[0.945s] INFO:colcon.colcon_core.package_discovery:Crawling recursively for packages in '/home/onurcalisir/Beigi_ControlsResearch/real_ws/src/autonomous_rover/hardware', '/home/onurcalisir/Beigi_ControlsResearch/real_ws/src/autonomous_rover/hardware/--log-base', '/dev/null'
[0.946s] Level 1:colcon.colcon_core.package_identification:_identify(/home/onurcalisir/Beigi_ControlsResearch/real_ws/src/autonomous_rover/hardware) by extensions ['ignore', 'ignore_ament_install']
[0.947s] Level 1:colcon.colcon_core.package_identification:_identify(/home/onurcalisir/Beigi_ControlsResearch/real_ws/src/autonomous_rover/hardware) by extension 'ignore'
[0.947s] Level 1:colcon.colcon_core.package_identification:_identify(/home/onurcalisir/Beigi_ControlsResearch/real_ws/src/autonomous_rover/hardware) by extension 'ignore_ament_install'
[0.948s] Level 1:colcon.colcon_core.package_identification:_identify(/home/onurcalisir/Beigi_ControlsResearch/real_ws/src/autonomous_rover/hardware) by extensions ['colcon_pkg']
[0.948s] Level 1:colcon.colcon_core.package_identification:_identify(/home/onurcalisir/Beigi_ControlsResearch/real_ws/src/autonomous_rover/hardware) by extension 'colcon_pkg'
[0.948s] Level 1:colcon.colcon_core.package_identification:_identify(/home/onurcalisir/Beigi_ControlsResearch/real_ws/src/autonomous_rover/hardware) by extensions ['colcon_meta']
[0.948s] Level 1:colcon.colcon_core.package_identification:_identify(/home/onurcalisir/Beigi_ControlsResearch/real_ws/src/autonomous_rover/hardware) by extension 'colcon_meta'
[0.949s] Level 1:colcon.colcon_core.package_identification:_identify(/home/onurcalisir/Beigi_ControlsResearch/real_ws/src/autonomous_rover/hardware) by extensions ['ros']
[0.949s] Level 1:colcon.colcon_core.package_identification:_identify(/home/onurcalisir/Beigi_ControlsResearch/real_ws/src/autonomous_rover/hardware) by extension 'ros'
[1.145s] Level 1:colcon.colcon_core.package_identification:_identify(/home/onurcalisir/Beigi_ControlsResearch/real_ws/src/autonomous_rover/hardware) by extensions ['cmake', 'python']
[1.145s] Level 1:colcon.colcon_core.package_identification:_identify(/home/onurcalisir/Beigi_ControlsResearch/real_ws/src/autonomous_rover/hardware) by extension 'cmake'
[1.145s] Level 1:colcon.colcon_core.package_identification:_identify(/home/onurcalisir/Beigi_ControlsResearch/real_ws/src/autonomous_rover/hardware) by extension 'python'
[1.146s] Level 1:colcon.colcon_core.package_identification:_identify(/home/onurcalisir/Beigi_ControlsResearch/real_ws/src/autonomous_rover/hardware) by extensions ['python_setup_py']
[1.146s] Level 1:colcon.colcon_core.package_identification:_identify(/home/onurcalisir/Beigi_ControlsResearch/real_ws/src/autonomous_rover/hardware) by extension 'python_setup_py'
[1.147s] Level 1:colcon.colcon_core.package_identification:_identify(/home/onurcalisir/Beigi_ControlsResearch/real_ws/src/autonomous_rover/hardware/log) by extensions ['ignore', 'ignore_ament_install']
[1.148s] Level 1:colcon.colcon_core.package_identification:_identify(/home/onurcalisir/Beigi_ControlsResearch/real_ws/src/autonomous_rover/hardware/log) by extension 'ignore'
[1.148s] Level 1:colcon.colcon_core.package_identification:_identify(/home/onurcalisir/Beigi_ControlsResearch/real_ws/src/autonomous_rover/hardware/log) ignored
[1.149s] Level 1:colcon.colcon_core.package_discovery:discover_packages(recursive) using defaults
